<?xml version="1.0" encoding="UTF-8"?>
<!-- Generated by org.testng.reporters.JUnitXMLReporter -->
<testsuite ignored="0" hostname="DESKTOP-53PF0N1" failures="0" tests="4" name="Default test" time="60.81" errors="0" timestamp="2021-04-04T12:58:18 IST">
  <testcase classname="test.IxigoTest" name="verifyPage" time="0.164"/>
  <testcase classname="test.IxigoTest" name="enterTravelDetails" time="23.72"/>
  <testcase classname="test.IxigoTest" name="verifySearchResultsAndFilterOptions" time="17.764"/>
  <testcase classname="test.IxigoTest" name="printAirlineDetails" time="5.366"/>
</testsuite> <!-- Default test -->
